TN:
SF:tests\disclosure-headers.test.ts
FN:138,pathToFileUrl
FNF:1
FNH:1
FNDA:1,pathToFileUrl
DA:1,1
DA:26,1
DA:27,1
DA:28,1
DA:32,1
DA:33,1
DA:34,1
DA:35,1
DA:36,1
DA:37,1
DA:38,1
DA:39,1
DA:40,1
DA:41,1
DA:43,1
DA:44,1
DA:45,1
DA:46,1
DA:47,1
DA:48,1
DA:49,1
DA:50,1
DA:52,1
DA:54,1
DA:55,1
DA:56,1
DA:57,1
DA:59,1
DA:64,1
DA:65,1
DA:66,1
DA:67,1
DA:68,1
DA:70,1
DA:71,1
DA:76,1
DA:77,1
DA:78,1
DA:79,1
DA:80,1
DA:81,1
DA:82,1
DA:84,1
DA:85,1
DA:86,1
DA:87,1
DA:89,1
DA:90,1
DA:91,1
DA:93,1
DA:102,1
DA:103,1
DA:105,1
DA:106,1
DA:107,1
DA:111,1
DA:112,1
DA:114,1
DA:116,1
DA:117,1
DA:121,1
DA:122,1
DA:123,1
DA:124,1
DA:125,1
DA:127,1
DA:130,0
DA:131,0
DA:132,0
DA:133,0
DA:134,1
DA:138,1
DA:139,1
DA:140,1
DA:141,1
LF:75
LH:71
BRDA:54,0,0,1
BRDA:55,1,0,1
BRDA:59,2,0,1
BRDA:70,3,0,1
BRDA:84,4,0,1
BRDA:93,5,0,1
BRDA:127,6,0,0
BRDA:107,7,0,1
BRDA:138,8,0,1
BRDA:140,9,0,0
BRF:10
BRH:8
end_of_record
TN:
SF:tests\schema-validate.test.ts
FN:59,makeAjv
FNF:1
FNH:1
FNDA:8,makeAjv
DA:1,1
DA:42,1
DA:43,1
DA:44,1
DA:45,1
DA:46,1
DA:48,1
DA:49,1
DA:50,1
DA:59,8
DA:60,8
DA:61,8
DA:62,8
DA:63,8
DA:64,8
DA:65,8
DA:66,8
DA:67,8
DA:68,8
DA:69,8
DA:71,1
DA:72,1
DA:73,1
DA:77,1
DA:78,1
DA:79,1
DA:80,1
DA:81,1
DA:82,1
DA:84,1
DA:85,1
DA:86,1
DA:87,1
DA:88,1
DA:89,1
DA:90,1
DA:91,1
DA:92,1
DA:93,1
DA:94,1
DA:95,1
DA:96,1
DA:97,1
DA:98,1
DA:99,1
DA:100,1
DA:101,1
DA:102,1
DA:103,1
DA:104,1
DA:106,0
DA:107,0
DA:108,1
DA:109,1
DA:117,1
DA:118,0
DA:119,0
DA:120,0
DA:121,0
DA:122,0
DA:123,0
DA:124,0
DA:125,0
DA:126,0
DA:127,0
DA:128,0
DA:129,0
DA:130,0
DA:131,0
DA:132,0
DA:133,0
DA:134,0
DA:135,0
DA:136,0
DA:137,0
DA:138,0
DA:139,0
DA:140,0
DA:141,0
DA:142,0
DA:143,0
DA:144,0
DA:145,0
DA:146,0
DA:147,0
DA:148,0
DA:149,0
DA:150,0
DA:151,0
DA:152,0
DA:153,0
DA:154,0
DA:155,0
DA:156,0
DA:157,0
DA:158,1
DA:160,1
DA:161,1
DA:162,1
DA:163,1
DA:164,1
DA:165,1
DA:166,1
DA:167,1
DA:168,1
DA:169,1
DA:170,1
DA:171,1
DA:172,1
DA:173,1
DA:174,1
DA:176,1
DA:177,1
DA:178,1
DA:179,1
DA:180,1
DA:181,1
DA:182,1
DA:184,1
DA:185,1
DA:186,1
DA:187,1
DA:188,1
DA:189,1
DA:191,1
DA:192,1
DA:193,1
DA:194,1
DA:195,1
DA:196,1
DA:197,1
DA:198,1
DA:199,1
DA:200,1
DA:201,1
DA:202,1
DA:203,1
DA:204,1
DA:206,1
DA:207,1
DA:208,1
DA:209,1
DA:210,1
DA:211,1
DA:212,1
DA:213,1
DA:214,1
DA:215,1
DA:216,1
DA:217,1
DA:218,1
DA:219,1
DA:220,1
DA:224,1
DA:225,1
DA:226,0
DA:229,0
DA:230,1
DA:231,1
DA:238,1
DA:239,1
DA:240,1
DA:241,1
DA:242,1
DA:244,1
DA:245,1
DA:246,1
DA:247,1
DA:248,1
DA:249,1
DA:250,1
DA:251,1
DA:252,1
DA:253,1
DA:254,1
DA:255,1
DA:256,1
DA:257,1
DA:258,1
DA:259,1
DA:260,1
DA:261,1
DA:262,1
DA:263,1
DA:265,0
DA:266,0
DA:267,0
DA:268,0
DA:269,1
DA:270,1
DA:271,1
DA:272,1
DA:276,1
DA:288,1
DA:289,1
DA:290,1
DA:291,1
DA:293,1
DA:294,1
DA:295,1
DA:296,1
DA:297,1
DA:298,1
DA:299,1
DA:301,1
DA:302,1
DA:303,1
DA:304,1
DA:305,1
DA:306,1
DA:308,1
DA:309,1
DA:310,1
DA:312,1
DA:313,1
DA:314,1
DA:315,1
DA:317,1
DA:318,1
DA:321,1
DA:322,1
DA:323,1
DA:324,1
DA:325,1
DA:326,1
DA:327,1
DA:331,1
DA:332,1
DA:333,1
DA:334,1
DA:335,1
DA:337,1
DA:338,1
DA:339,1
DA:341,1
DA:342,1
DA:343,1
DA:344,1
DA:345,1
DA:346,15
DA:347,15
DA:348,1
DA:350,1
DA:351,1
DA:352,1
DA:353,15
DA:354,92
DA:355,92
DA:356,15
DA:357,1
DA:358,1
LF:251
LH:203
BRDA:59,0,0,8
BRDA:60,1,0,0
BRDA:62,2,0,0
BRDA:66,3,0,0
BRDA:77,4,0,1
BRDA:78,5,0,1
BRDA:84,6,0,1
BRDA:104,7,0,0
BRDA:160,8,0,1
BRDA:173,9,0,0
BRDA:176,10,0,1
BRDA:191,11,0,1
BRDA:206,12,0,1
BRDA:224,13,0,1
BRDA:225,14,0,0
BRDA:231,15,0,1
BRDA:244,16,0,1
BRDA:263,17,0,0
BRDA:276,18,0,1
BRDA:288,19,0,1
BRDA:293,20,0,1
BRDA:301,21,0,1
BRDA:308,22,0,1
BRDA:312,23,0,1
BRDA:317,24,0,1
BRDA:331,25,0,1
BRDA:332,26,0,1
BRDA:337,27,0,1
BRDA:341,28,0,1
BRDA:345,29,0,15
BRDA:342,30,0,15
BRDA:350,31,0,1
BRDA:352,32,0,15
BRDA:353,33,0,92
BRF:34
BRH:27
end_of_record
TN:
SF:tests\score-engine.test.ts
FN:102,roundHalfToEven
FN:142,score_v1
FNF:2
FNH:2
FNDA:35,roundHalfToEven
FNDA:22,score_v1
DA:1,1
DA:67,1
DA:68,1
DA:69,1
DA:70,1
DA:71,1
DA:72,1
DA:73,1
DA:75,1
DA:76,1
DA:77,1
DA:78,1
DA:79,1
DA:80,1
DA:82,1
DA:83,1
DA:85,1
DA:102,1
DA:108,35
DA:109,35
DA:110,35
DA:112,35
DA:113,35
DA:115,35
DA:116,35
DA:142,1
DA:143,22
DA:144,22
DA:145,22
DA:146,22
DA:147,22
DA:148,22
DA:151,22
DA:152,22
DA:153,22
DA:154,7
DA:155,7
DA:156,22
DA:157,1
DA:158,1
DA:159,15
DA:160,10
DA:161,10
DA:162,14
DA:163,4
DA:164,4
DA:165,4
DA:167,22
DA:168,22
DA:169,22
DA:170,22
DA:171,22
DA:172,22
DA:173,22
DA:174,22
DA:175,22
DA:176,22
DA:177,22
DA:181,1
DA:182,1
DA:183,1
DA:184,1
DA:185,1
DA:186,1
DA:187,1
DA:188,1
DA:190,1
DA:191,1
DA:192,1
DA:193,1
DA:194,1
DA:195,1
DA:197,1
DA:198,1
DA:199,1
DA:201,1
DA:202,1
DA:203,1
DA:204,1
DA:206,1
DA:209,1
DA:212,1
DA:213,1
DA:214,1
DA:215,1
DA:216,1
DA:217,1
DA:219,1
DA:220,1
DA:221,1
DA:222,1
DA:223,1
DA:224,1
DA:225,1
DA:226,1
DA:227,1
DA:228,1
DA:229,1
DA:230,1
DA:231,1
DA:232,1
DA:233,1
DA:234,1
DA:235,1
DA:236,1
DA:237,1
DA:238,1
DA:239,1
DA:240,1
DA:241,1
DA:242,1
DA:243,1
DA:244,1
DA:245,1
DA:247,1
DA:248,1
DA:249,1
DA:250,1
DA:251,1
DA:253,1
DA:254,15
DA:255,15
DA:258,15
DA:259,15
DA:263,15
DA:264,15
DA:265,15
DA:266,15
DA:267,15
DA:268,15
DA:269,15
DA:270,15
DA:271,1
DA:273,1
DA:279,1
DA:280,1
DA:281,1
DA:282,1
DA:283,1
DA:284,1
DA:285,1
DA:286,1
DA:287,1
DA:289,1
DA:290,1
DA:291,1
DA:292,1
DA:293,1
DA:294,1
DA:301,1
DA:307,1
DA:312,1
DA:313,1
DA:314,1
DA:316,1
DA:317,1
DA:320,1
DA:321,1
DA:322,1
DA:323,1
DA:324,1
DA:325,1
DA:327,1
DA:328,1
DA:329,1
DA:330,1
DA:331,1
DA:332,1
DA:333,1
DA:334,1
DA:336,1
DA:337,1
DA:338,1
DA:339,1
DA:340,1
DA:341,1
DA:342,1
DA:343,1
DA:344,1
DA:345,1
LF:180
LH:180
BRDA:102,0,0,35
BRDA:112,1,0,24
BRDA:112,2,0,11
BRDA:113,3,0,2
BRDA:113,4,0,9
BRDA:115,5,0,2
BRDA:115,6,0,7
BRDA:142,7,0,22
BRDA:153,8,0,7
BRDA:156,9,0,15
BRDA:156,10,0,1
BRDA:159,11,0,14
BRDA:159,12,0,10
BRDA:162,13,0,4
BRDA:143,14,0,96
BRDA:144,15,0,113
BRDA:181,16,0,1
BRDA:182,17,0,1
BRDA:190,18,0,1
BRDA:197,19,0,1
BRDA:201,20,0,1
BRDA:206,21,0,1
BRDA:219,22,0,1
BRDA:220,23,0,1
BRDA:223,24,0,1
BRDA:226,25,0,1
BRDA:229,26,0,1
BRDA:232,27,0,1
BRDA:239,28,0,1
BRDA:247,29,0,1
BRDA:253,30,0,15
BRDA:248,31,0,1
BRDA:254,32,0,15
BRDA:273,33,0,1
BRDA:279,34,0,1
BRDA:289,35,0,1
BRDA:301,36,0,1
BRDA:316,37,0,1
BRDA:317,38,0,1
BRDA:327,39,0,1
BRDA:336,40,0,1
BRF:41
BRH:41
end_of_record
